<?xml version="1.0" encoding="UTF-8"?>
<!-- Generated by org.testng.reporters.JUnitReportReporter -->
<testsuite hostname="Leonardo-PC" failures="0" tests="1" name="tests.ControladorNegativo" time="12.143" errors="0" timestamp="12 Sep 2020 13:40:31 GMT">
  <testcase classname="tests.ControladorNegativo" name="loginFallido" time="12.143"/>
</testsuite> <!-- tests.ControladorNegativo -->
