<?xml version="1.0" encoding="UTF-8"?>
<!-- Generated by org.testng.reporters.JUnitReportReporter -->
<testsuite hostname="Leonardo-PC" failures="0" tests="2" name="tests.ControladorPositivo" time="46.668" errors="0" timestamp="18 Sep 2020 17:54:18 GMT">
  <testcase classname="tests.ControladorPositivo" name="flujoDeCompra" time="35.907"/>
  <testcase classname="tests.ControladorPositivo" name="login" time="10.761"/>
</testsuite> <!-- tests.ControladorPositivo -->
